C51 COMPILER V9.60.7.0   MAIN                                                              01/22/2025 17:59:47 PAGE 1   


C51 COMPILER V9.60.7.0, COMPILATION OF MODULE MAIN
OBJECT MODULE PLACED IN .\Objects\main.obj
COMPILER INVOKED BY: C:\Keil_v5\C51\BIN\C51.EXE main.c OPTIMIZE(8,SPEED) BROWSE DEBUG OBJECTEXTEND PRINT(.\Listings\main
                    -.lst) TABS(2) OBJECT(.\Objects\main.obj)

line level    source

   1          #include <REGX52.H>
   2          #include <INTRINS.H>
   3          
   4          void Delay(unsigned int xms)  //@11.0592MHz
   5          {
   6   1        unsigned char data i, j;
   7   1        while(xms)
   8   1          {
   9   2              _nop_();
  10   2              i = 2;
  11   2              j = 199;
  12   2              do
  13   2              {
  14   3                while (--j);
  15   3              } while (--i);  
  16   2              xms--;
  17   2          }
  18   1      
  19   1      
  20   1      }
  21          
  22          
  23          void main()
  24          {
  25   1        while(1)
  26   1          {
  27   2            if(P3_4==0)
  28   2            {
  29   3              Delay(20);
  30   3              while(P3_4==0);
  31   3              Delay(20);
  32   3              
  33   3              P1_0=~P1_0;
  34   3              
  35   3            }
  36   2      
  37   2          }
  38   1      
  39   1      }


MODULE INFORMATION:   STATIC OVERLAYABLE
   CODE SIZE        =     45    ----
   CONSTANT SIZE    =   ----    ----
   XDATA SIZE       =   ----    ----
   PDATA SIZE       =   ----    ----
   DATA SIZE        =   ----    ----
   IDATA SIZE       =   ----    ----
   BIT SIZE         =   ----    ----
END OF MODULE INFORMATION.


C51 COMPILATION COMPLETE.  0 WARNING(S),  0 ERROR(S)
