C51 COMPILER V9.60.7.0   MAIN                                                              01/21/2025 21:11:57 PAGE 1   


C51 COMPILER V9.60.7.0, COMPILATION OF MODULE MAIN
OBJECT MODULE PLACED IN .\Objects\main.obj
COMPILER INVOKED BY: C:\Keil_v5\C51\BIN\C51.EXE main.c OPTIMIZE(8,SPEED) BROWSE DEBUG OBJECTEXTEND PRINT(.\Listings\main
                    -.lst) TABS(2) OBJECT(.\Objects\main.obj)

line level    source

   1          #include <REGX52.H> 
   2          
   3          void Delay1ms(unsigned int ms)  //@11.0592MHz
   4          {
   5   1        unsigned char data i, j;
   6   1        while(ms)
   7   1        {
   8   2          i = 2;
   9   2          j = 199;
  10   2          do
  11   2          {
  12   3              while (--j);
  13   3          } while (--i);
  14   2      
  15   2          ms--;
  16   2        }
  17   1      
  18   1      }
  19          
  20          
  21          void main()
  22          {
  23   1        while(1)
  24   1        {
  25   2          P1=0xFE;//1111 1110
  26   2          Delay1ms(50);
  27   2          P1=0xFD;//1111 1101
  28   2          Delay1ms(50);
  29   2          P1=0xFB;//1111 1011
  30   2          Delay1ms(50);
  31   2          P1=0xF7;//1111 0111
  32   2          Delay1ms(50);
  33   2          P1=0xEF;//1110 1111
  34   2          Delay1ms(50);
  35   2          P1=0xDF;//1101 1111
  36   2          Delay1ms(50);
  37   2          P1=0xBF;//1011 1111
  38   2          Delay1ms(50);
  39   2          P1=0x7F;//0111 1111
  40   2          Delay1ms(50); 
  41   2        }
  42   1      }


MODULE INFORMATION:   STATIC OVERLAYABLE
   CODE SIZE        =     74    ----
   CONSTANT SIZE    =   ----    ----
   XDATA SIZE       =   ----    ----
   PDATA SIZE       =   ----    ----
   DATA SIZE        =   ----    ----
   IDATA SIZE       =   ----    ----
   BIT SIZE         =   ----    ----
END OF MODULE INFORMATION.


C51 COMPILATION COMPLETE.  0 WARNING(S),  0 ERROR(S)
