C51 COMPILER V9.60.7.0   MAIN                                                              01/22/2025 19:17:35 PAGE 1   


C51 COMPILER V9.60.7.0, COMPILATION OF MODULE MAIN
OBJECT MODULE PLACED IN .\Objects\main.obj
COMPILER INVOKED BY: C:\Keil_v5\C51\BIN\C51.EXE main.c OPTIMIZE(8,SPEED) BROWSE DEBUG OBJECTEXTEND PRINT(.\Listings\main
                    -.lst) TABS(2) OBJECT(.\Objects\main.obj)

line level    source

   1          #include <REGX52.H>
   2          #include <INTRINS.H>
   3          
   4          void Delay(unsigned int xms);
   5          
   6          void main()
   7          {
   8   1        unsigned char LEDNum;
   9   1        P1=~0x01;
  10   1        while(1)
  11   1        {
  12   2          if(P3_4==0)
  13   2          {
  14   3            Delay(20);
  15   3            while(P3_4==0);
  16   3            Delay(20);
  17   3            
  18   3            if(LEDNum==7)
  19   3            {
  20   4              LEDNum=0;
  21   4              P1=~(0x01<<LEDNum);
  22   4            }
  23   3            else
  24   3            {
  25   4              LEDNum++;
  26   4              P1=~(0x01<<LEDNum); 
  27   4            }
  28   3                
  29   3          }
  30   2          if(P3_5==0)
  31   2          {
  32   3            Delay(20);
  33   3            while(P3_5==0);
  34   3            Delay(20);
  35   3            
  36   3            if(LEDNum==0)
  37   3              LEDNum=8;
  38   3            LEDNum--;
  39   3      
  40   3            P1=~(0x01<<LEDNum);     
  41   3          }
  42   2        }
  43   1      
  44   1      }
  45          
  46          void Delay(unsigned int xms)  //@11.0592MHz
  47          {
  48   1        unsigned char data i, j;
  49   1        while(xms--)
  50   1        {
  51   2          _nop_();
  52   2          i = 2;
  53   2          j = 199;
  54   2          do
C51 COMPILER V9.60.7.0   MAIN                                                              01/22/2025 19:17:35 PAGE 2   

  55   2          {
  56   3            while (--j);
  57   3          } while (--i);  
  58   2        }
  59   1      }


MODULE INFORMATION:   STATIC OVERLAYABLE
   CODE SIZE        =    120    ----
   CONSTANT SIZE    =   ----    ----
   XDATA SIZE       =   ----    ----
   PDATA SIZE       =   ----    ----
   DATA SIZE        =   ----       1
   IDATA SIZE       =   ----    ----
   BIT SIZE         =   ----    ----
END OF MODULE INFORMATION.


C51 COMPILATION COMPLETE.  0 WARNING(S),  0 ERROR(S)
